<?xml version="1.0" encoding="UTF-8"?>
<testsuite xmlns:xsi="http://www.w3.org/2001/XMLSchema-instance" xsi:noNamespaceSchemaLocation="https://maven.apache.org/surefire/maven-surefire-plugin/xsd/surefire-test-report-3.0.xsd" version="3.0" name="Tests.TotemControllerTest" time="0.682" tests="4" errors="4" skipped="0" failures="0">
  <properties>
    <property name="sun.desktop" value="windows"/>
    <property name="awt.toolkit" value="sun.awt.windows.WToolkit"/>
    <property name="file.encoding.pkg" value="sun.io"/>
    <property name="java.specification.version" value="1.8"/>
    <property name="sun.cpu.isalist" value=""/>
    <property name="sun.jnu.encoding" value="Cp1252"/>
    <property name="java.class.path" value="C:\Users\Igor Matheus\eclipse-workspace\Bicicletario2\target\test-classes;C:\Users\Igor Matheus\eclipse-workspace\Bicicletario2\target\classes;C:\Users\Igor Matheus\.m2\repository\org\junit\jupiter\junit-jupiter-engine\5.4.0\junit-jupiter-engine-5.4.0.jar;C:\Users\Igor Matheus\.m2\repository\org\apiguardian\apiguardian-api\1.0.0\apiguardian-api-1.0.0.jar;C:\Users\Igor Matheus\.m2\repository\org\junit\platform\junit-platform-engine\1.4.0\junit-platform-engine-1.4.0.jar;C:\Users\Igor Matheus\.m2\repository\org\opentest4j\opentest4j\1.1.1\opentest4j-1.1.1.jar;C:\Users\Igor Matheus\.m2\repository\org\junit\platform\junit-platform-commons\1.4.0\junit-platform-commons-1.4.0.jar;C:\Users\Igor Matheus\.m2\repository\org\junit\jupiter\junit-jupiter-api\5.4.0\junit-jupiter-api-5.4.0.jar;C:\Users\Igor Matheus\.m2\repository\org\mockito\mockito-core\3.2.4\mockito-core-3.2.4.jar;C:\Users\Igor Matheus\.m2\repository\net\bytebuddy\byte-buddy\1.10.5\byte-buddy-1.10.5.jar;C:\Users\Igor Matheus\.m2\repository\net\bytebuddy\byte-buddy-agent\1.10.5\byte-buddy-agent-1.10.5.jar;C:\Users\Igor Matheus\.m2\repository\org\objenesis\objenesis\2.6\objenesis-2.6.jar;C:\Users\Igor Matheus\.m2\repository\io\javalin\javalin\3.7.0\javalin-3.7.0.jar;C:\Users\Igor Matheus\.m2\repository\org\jetbrains\kotlin\kotlin-stdlib-jdk8\1.3.61\kotlin-stdlib-jdk8-1.3.61.jar;C:\Users\Igor Matheus\.m2\repository\org\jetbrains\kotlin\kotlin-stdlib\1.3.61\kotlin-stdlib-1.3.61.jar;C:\Users\Igor Matheus\.m2\repository\org\jetbrains\kotlin\kotlin-stdlib-common\1.3.61\kotlin-stdlib-common-1.3.61.jar;C:\Users\Igor Matheus\.m2\repository\org\jetbrains\annotations\13.0\annotations-13.0.jar;C:\Users\Igor Matheus\.m2\repository\org\jetbrains\kotlin\kotlin-stdlib-jdk7\1.3.61\kotlin-stdlib-jdk7-1.3.61.jar;C:\Users\Igor Matheus\.m2\repository\org\slf4j\slf4j-api\1.7.28\slf4j-api-1.7.28.jar;C:\Users\Igor Matheus\.m2\repository\org\eclipse\jetty\jetty-server\9.4.25.v20191220\jetty-server-9.4.25.v20191220.jar;C:\Users\Igor Matheus\.m2\repository\javax\servlet\javax.servlet-api\3.1.0\javax.servlet-api-3.1.0.jar;C:\Users\Igor Matheus\.m2\repository\org\eclipse\jetty\jetty-http\9.4.25.v20191220\jetty-http-9.4.25.v20191220.jar;C:\Users\Igor Matheus\.m2\repository\org\eclipse\jetty\jetty-util\9.4.25.v20191220\jetty-util-9.4.25.v20191220.jar;C:\Users\Igor Matheus\.m2\repository\org\eclipse\jetty\jetty-io\9.4.25.v20191220\jetty-io-9.4.25.v20191220.jar;C:\Users\Igor Matheus\.m2\repository\org\eclipse\jetty\jetty-webapp\9.4.25.v20191220\jetty-webapp-9.4.25.v20191220.jar;C:\Users\Igor Matheus\.m2\repository\org\eclipse\jetty\jetty-xml\9.4.25.v20191220\jetty-xml-9.4.25.v20191220.jar;C:\Users\Igor Matheus\.m2\repository\org\eclipse\jetty\jetty-servlet\9.4.25.v20191220\jetty-servlet-9.4.25.v20191220.jar;C:\Users\Igor Matheus\.m2\repository\org\eclipse\jetty\jetty-security\9.4.25.v20191220\jetty-security-9.4.25.v20191220.jar;C:\Users\Igor Matheus\.m2\repository\org\eclipse\jetty\websocket\websocket-server\9.4.25.v20191220\websocket-server-9.4.25.v20191220.jar;C:\Users\Igor Matheus\.m2\repository\org\eclipse\jetty\websocket\websocket-common\9.4.25.v20191220\websocket-common-9.4.25.v20191220.jar;C:\Users\Igor Matheus\.m2\repository\org\eclipse\jetty\websocket\websocket-api\9.4.25.v20191220\websocket-api-9.4.25.v20191220.jar;C:\Users\Igor Matheus\.m2\repository\org\eclipse\jetty\websocket\websocket-client\9.4.25.v20191220\websocket-client-9.4.25.v20191220.jar;C:\Users\Igor Matheus\.m2\repository\org\eclipse\jetty\jetty-client\9.4.25.v20191220\jetty-client-9.4.25.v20191220.jar;C:\Users\Igor Matheus\.m2\repository\org\eclipse\jetty\websocket\websocket-servlet\9.4.25.v20191220\websocket-servlet-9.4.25.v20191220.jar;C:\Users\Igor Matheus\.m2\repository\org\slf4j\slf4j-simple\1.7.28\slf4j-simple-1.7.28.jar;C:\Users\Igor Matheus\.m2\repository\io\swagger\core\v3\swagger-core\2.0.9\swagger-core-2.0.9.jar;C:\Users\Igor Matheus\.m2\repository\javax\xml\bind\jaxb-api\2.3.0\jaxb-api-2.3.0.jar;C:\Users\Igor Matheus\.m2\repository\org\apache\commons\commons-lang3\3.7\commons-lang3-3.7.jar;C:\Users\Igor Matheus\.m2\repository\com\fasterxml\jackson\core\jackson-annotations\2.9.9\jackson-annotations-2.9.9.jar;C:\Users\Igor Matheus\.m2\repository\com\fasterxml\jackson\dataformat\jackson-dataformat-yaml\2.9.9\jackson-dataformat-yaml-2.9.9.jar;C:\Users\Igor Matheus\.m2\repository\org\yaml\snakeyaml\1.23\snakeyaml-1.23.jar;C:\Users\Igor Matheus\.m2\repository\com\fasterxml\jackson\datatype\jackson-datatype-jsr310\2.9.9\jackson-datatype-jsr310-2.9.9.jar;C:\Users\Igor Matheus\.m2\repository\io\swagger\core\v3\swagger-annotations\2.0.9\swagger-annotations-2.0.9.jar;C:\Users\Igor Matheus\.m2\repository\io\swagger\core\v3\swagger-models\2.0.9\swagger-models-2.0.9.jar;C:\Users\Igor Matheus\.m2\repository\javax\validation\validation-api\1.1.0.Final\validation-api-1.1.0.Final.jar;C:\Users\Igor Matheus\.m2\repository\org\webjars\swagger-ui\3.24.3\swagger-ui-3.24.3.jar;C:\Users\Igor Matheus\.m2\repository\org\webjars\npm\redoc\2.0.0-rc.2\redoc-2.0.0-rc.2.jar;C:\Users\Igor Matheus\.m2\repository\org\webjars\npm\polished\3.0.0-beta.4\polished-3.0.0-beta.4.jar;C:\Users\Igor Matheus\.m2\repository\org\webjars\npm\babel__runtime\7.12.5\babel__runtime-7.12.5.jar;C:\Users\Igor Matheus\.m2\repository\org\webjars\npm\regenerator-runtime\0.13.7\regenerator-runtime-0.13.7.jar;C:\Users\Igor Matheus\.m2\repository\org\webjars\npm\babel-plugin-preval\3.0.1\babel-plugin-preval-3.0.1.jar;C:\Users\Igor Matheus\.m2\repository\org\webjars\npm\babel-plugin-macros\2.8.0\babel-plugin-macros-2.8.0.jar;C:\Users\Igor Matheus\.m2\repository\org\webjars\npm\cosmiconfig\6.0.0\cosmiconfig-6.0.0.jar;C:\Users\Igor Matheus\.m2\repository\org\webjars\npm\yaml\1.10.0\yaml-1.10.0.jar;C:\Users\Igor Matheus\.m2\repository\org\webjars\npm\parse-json\5.0.1\parse-json-5.0.1.jar;C:\Users\Igor Matheus\.m2\repository\org\webjars\npm\babel__code-frame\7.10.4\babel__code-frame-7.10.4.jar;C:\Users\Igor Matheus\.m2\repository\org\webjars\npm\babel__highlight\7.10.4\babel__highlight-7.10.4.jar;C:\Users\Igor Matheus\.m2\repository\org\webjars\npm\babel__helper-validator-identifier\7.10.4\babel__helper-validator-identifier-7.10.4.jar;C:\Users\Igor Matheus\.m2\repository\org\webjars\npm\chalk\3.0.0-beta.2\chalk-3.0.0-beta.2.jar;C:\Users\Igor Matheus\.m2\repository\org\webjars\npm\ansi-styles\4.3.0\ansi-styles-4.3.0.jar;C:\Users\Igor Matheus\.m2\repository\org\webjars\npm\color-convert\2.0.1\color-convert-2.0.1.jar;C:\Users\Igor Matheus\.m2\repository\org\webjars\npm\color-name\1.1.4\color-name-1.1.4.jar;C:\Users\Igor Matheus\.m2\repository\org\webjars\npm\supports-color\7.2.0\supports-color-7.2.0.jar;C:\Users\Igor Matheus\.m2\repository\org\webjars\npm\has-flag\4.0.0\has-flag-4.0.0.jar;C:\Users\Igor Matheus\.m2\repository\org\webjars\npm\error-ex\1.3.2\error-ex-1.3.2.jar;C:\Users\Igor Matheus\.m2\repository\org\webjars\npm\is-arrayish\0.2.1\is-arrayish-0.2.1.jar;C:\Users\Igor Matheus\.m2\repository\org\webjars\npm\json-parse-better-errors\1.0.2\json-parse-better-errors-1.0.2.jar;C:\Users\Igor Matheus\.m2\repository\org\webjars\npm\lines-and-columns\1.1.6\lines-and-columns-1.1.6.jar;C:\Users\Igor Matheus\.m2\repository\org\webjars\npm\import-fresh\3.2.2\import-fresh-3.2.2.jar;C:\Users\Igor Matheus\.m2\repository\org\webjars\npm\parent-module\1.0.1\parent-module-1.0.1.jar;C:\Users\Igor Matheus\.m2\repository\org\webjars\npm\callsites\3.1.0\callsites-3.1.0.jar;C:\Users\Igor Matheus\.m2\repository\org\webjars\npm\resolve-from\4.0.0\resolve-from-4.0.0.jar;C:\Users\Igor Matheus\.m2\repository\org\webjars\npm\types__parse-json\4.0.0\types__parse-json-4.0.0.jar;C:\Users\Igor Matheus\.m2\repository\org\webjars\npm\path-type\4.0.0\path-type-4.0.0.jar;C:\Users\Igor Matheus\.m2\repository\org\webjars\npm\resolve\1.14.2\resolve-1.14.2.jar;C:\Users\Igor Matheus\.m2\repository\org\webjars\npm\path-parse\1.0.6\path-parse-1.0.6.jar;C:\Users\Igor Matheus\.m2\repository\org\webjars\npm\require-from-string\2.0.2\require-from-string-2.0.2.jar;C:\Users\Igor Matheus\.m2\repository\org\webjars\npm\prop-types\15.7.2\prop-types-15.7.2.jar;C:\Users\Igor Matheus\.m2\repository\org\webjars\npm\loose-envify\1.4.0\loose-envify-1.4.0.jar;C:\Users\Igor Matheus\.m2\repository\org\webjars\npm\js-tokens\4.0.0\js-tokens-4.0.0.jar;C:\Users\Igor Matheus\.m2\repository\org\webjars\npm\object-assign\4.1.1\object-assign-4.1.1.jar;C:\Users\Igor Matheus\.m2\repository\org\webjars\npm\react-is\17.0.0-rc.3\react-is-17.0.0-rc.3.jar;C:\Users\Igor Matheus\.m2\repository\org\webjars\npm\json-pointer\0.6.1\json-pointer-0.6.1.jar;C:\Users\Igor Matheus\.m2\repository\org\webjars\npm\foreach\2.0.5\foreach-2.0.5.jar;C:\Users\Igor Matheus\.m2\repository\org\webjars\npm\eventemitter3\3.1.2\eventemitter3-3.1.2.jar;C:\Users\Igor Matheus\.m2\repository\org\webjars\npm\json-schema-ref-parser\6.1.0\json-schema-ref-parser-6.1.0.jar;C:\Users\Igor Matheus\.m2\repository\org\webjars\npm\call-me-maybe\1.0.1\call-me-maybe-1.0.1.jar;C:\Users\Igor Matheus\.m2\repository\org\webjars\npm\js-yaml\3.14.1\js-yaml-3.14.1.jar;C:\Users\Igor Matheus\.m2\repository\org\webjars\npm\argparse\1.0.10\argparse-1.0.10.jar;C:\Users\Igor Matheus\.m2\repository\org\webjars\npm\sprintf-js\1.0.3\sprintf-js-1.0.3.jar;C:\Users\Igor Matheus\.m2\repository\org\webjars\npm\esprima\4.0.1\esprima-4.0.1.jar;C:\Users\Igor Matheus\.m2\repository\org\webjars\npm\ono\4.0.11\ono-4.0.11.jar;C:\Users\Igor Matheus\.m2\repository\org\webjars\npm\format-util\1.0.5\format-util-1.0.5.jar;C:\Users\Igor Matheus\.m2\repository\org\webjars\npm\dompurify\1.0.11\dompurify-1.0.11.jar;C:\Users\Igor Matheus\.m2\repository\org\webjars\npm\classnames\2.2.6\classnames-2.2.6.jar;C:\Users\Igor Matheus\.m2\repository\org\webjars\npm\mobx-react\6.0.0-rc.4\mobx-react-6.0.0-rc.4.jar;C:\Users\Igor Matheus\.m2\repository\org\webjars\npm\mobx-react-lite\1.1.0\mobx-react-lite-1.1.0.jar;C:\Users\Igor Matheus\.m2\repository\org\webjars\npm\react-dropdown\1.7.0\react-dropdown-1.7.0.jar;C:\Users\Igor Matheus\.m2\repository\org\webjars\npm\react-hot-loader\4.12.20\react-hot-loader-4.12.20.jar;C:\Users\Igor Matheus\.m2\repository\org\webjars\npm\loader-utils\1.4.0\loader-utils-1.4.0.jar;C:\Users\Igor Matheus\.m2\repository\org\webjars\npm\big.js\5.2.2\big.js-5.2.2.jar;C:\Users\Igor Matheus\.m2\repository\org\webjars\npm\emojis-list\3.0.0\emojis-list-3.0.0.jar;C:\Users\Igor Matheus\.m2\repository\org\webjars\npm\json5\1.0.1\json5-1.0.1.jar;C:\Users\Igor Matheus\.m2\repository\org\webjars\npm\minimist\1.2.5\minimist-1.2.5.jar;C:\Users\Igor Matheus\.m2\repository\org\webjars\npm\react-lifecycles-compat\3.0.4\react-lifecycles-compat-3.0.4.jar;C:\Users\Igor Matheus\.m2\repository\org\webjars\npm\global\4.4.0\global-4.4.0.jar;C:\Users\Igor Matheus\.m2\repository\org\webjars\npm\min-document\2.19.0\min-document-2.19.0.jar;C:\Users\Igor Matheus\.m2\repository\org\webjars\npm\dom-walk\0.1.2\dom-walk-0.1.2.jar;C:\Users\Igor Matheus\.m2\repository\org\webjars\npm\process\0.11.10\process-0.11.10.jar;C:\Users\Igor Matheus\.m2\repository\org\webjars\npm\hoist-non-react-statics\3.3.2\hoist-non-react-statics-3.3.2.jar;C:\Users\Igor Matheus\.m2\repository\org\webjars\npm\shallowequal\1.1.0\shallowequal-1.1.0.jar;C:\Users\Igor Matheus\.m2\repository\org\webjars\npm\fast-levenshtein\2.0.6\fast-levenshtein-2.0.6.jar;C:\Users\Igor Matheus\.m2\repository\org\webjars\npm\source-map\0.8.0-beta.0\source-map-0.8.0-beta.0.jar;C:\Users\Igor Matheus\.m2\repository\org\webjars\npm\whatwg-url\7.1.0\whatwg-url-7.1.0.jar;C:\Users\Igor Matheus\.m2\repository\org\webjars\npm\lodash.sortby\4.7.0\lodash.sortby-4.7.0.jar;C:\Users\Igor Matheus\.m2\repository\org\webjars\npm\tr46\1.0.1\tr46-1.0.1.jar;C:\Users\Igor Matheus\.m2\repository\org\webjars\npm\punycode\2.1.1\punycode-2.1.1.jar;C:\Users\Igor Matheus\.m2\repository\org\webjars\npm\webidl-conversions\4.0.2\webidl-conversions-4.0.2.jar;C:\Users\Igor Matheus\.m2\repository\org\webjars\npm\lunr\2.3.8\lunr-2.3.8.jar;C:\Users\Igor Matheus\.m2\repository\org\webjars\npm\openapi-sampler\1.0.0-beta.14\openapi-sampler-1.0.0-beta.14.jar;C:\Users\Igor Matheus\.m2\repository\org\webjars\npm\stickyfill\1.1.1\stickyfill-1.1.1.jar;C:\Users\Igor Matheus\.m2\repository\org\webjars\npm\react-tabs\2.3.1\react-tabs-2.3.1.jar;C:\Users\Igor Matheus\.m2\repository\org\webjars\npm\slugify\1.4.5\slugify-1.4.5.jar;C:\Users\Igor Matheus\.m2\repository\org\webjars\npm\prismjs\1.22.0\prismjs-1.22.0.jar;C:\Users\Igor Matheus\.m2\repository\org\webjars\npm\perfect-scrollbar\1.5.0\perfect-scrollbar-1.5.0.jar;C:\Users\Igor Matheus\.m2\repository\org\webjars\npm\marked\0.6.3\marked-0.6.3.jar;C:\Users\Igor Matheus\.m2\repository\org\webjars\npm\tslib\1.14.1\tslib-1.14.1.jar;C:\Users\Igor Matheus\.m2\repository\org\webjars\npm\memoize-one\4.1.0\memoize-one-4.1.0.jar;C:\Users\Igor Matheus\.m2\repository\org\webjars\npm\decko\1.2.0\decko-1.2.0.jar;C:\Users\Igor Matheus\.m2\repository\org\webjars\npm\mark.js\8.11.1\mark.js-8.11.1.jar;C:\Users\Igor Matheus\.m2\repository\com\fasterxml\jackson\core\jackson-databind\2.10.1\jackson-databind-2.10.1.jar;C:\Users\Igor Matheus\.m2\repository\com\fasterxml\jackson\core\jackson-core\2.10.1\jackson-core-2.10.1.jar;C:\Users\Igor Matheus\.m2\repository\io\github\classgraph\classgraph\4.8.34\classgraph-4.8.34.jar;C:\Users\Igor Matheus\.m2\repository\com\konghq\unirest-java\3.4.00\unirest-java-3.4.00.jar;C:\Users\Igor Matheus\.m2\repository\org\apache\httpcomponents\httpclient\4.5.9\httpclient-4.5.9.jar;C:\Users\Igor Matheus\.m2\repository\org\apache\httpcomponents\httpcore\4.4.11\httpcore-4.4.11.jar;C:\Users\Igor Matheus\.m2\repository\commons-logging\commons-logging\1.2\commons-logging-1.2.jar;C:\Users\Igor Matheus\.m2\repository\commons-codec\commons-codec\1.11\commons-codec-1.11.jar;C:\Users\Igor Matheus\.m2\repository\org\apache\httpcomponents\httpmime\4.5.9\httpmime-4.5.9.jar;C:\Users\Igor Matheus\.m2\repository\org\apache\httpcomponents\httpcore-nio\4.4.11\httpcore-nio-4.4.11.jar;C:\Users\Igor Matheus\.m2\repository\org\apache\httpcomponents\httpasyncclient\4.1.4\httpasyncclient-4.1.4.jar;C:\Users\Igor Matheus\.m2\repository\com\google\code\gson\gson\2.8.5\gson-2.8.5.jar;C:\Users\Igor Matheus\.m2\repository\org\assertj\assertj-core\3.11.1\assertj-core-3.11.1.jar;"/>
    <property name="java.vm.vendor" value="Oracle Corporation"/>
    <property name="sun.arch.data.model" value="32"/>
    <property name="user.variant" value=""/>
    <property name="java.vendor.url" value="http://java.oracle.com/"/>
    <property name="user.timezone" value="America/Sao_Paulo"/>
    <property name="java.vm.specification.version" value="1.8"/>
    <property name="os.name" value="Windows 10"/>
    <property name="user.country" value="BR"/>
    <property name="sun.java.launcher" value="SUN_STANDARD"/>
    <property name="sun.boot.library.path" value="C:\Program Files (x86)\Java\jre1.8.0_251\bin"/>
    <property name="sun.java.command" value="C:\Users\Igor Matheus\AppData\Local\Temp\surefire4076751900016658749\surefirebooter418751599884675448.jar C:\Users\Igor Matheus\AppData\Local\Temp\surefire4076751900016658749 2020-12-14T22-39-10_413-jvmRun1 surefire1788690752524492605tmp surefire_06500421965866925257tmp"/>
    <property name="surefire.test.class.path" value="C:\Users\Igor Matheus\eclipse-workspace\Bicicletario2\target\test-classes;C:\Users\Igor Matheus\eclipse-workspace\Bicicletario2\target\classes;C:\Users\Igor Matheus\.m2\repository\org\junit\jupiter\junit-jupiter-engine\5.4.0\junit-jupiter-engine-5.4.0.jar;C:\Users\Igor Matheus\.m2\repository\org\apiguardian\apiguardian-api\1.0.0\apiguardian-api-1.0.0.jar;C:\Users\Igor Matheus\.m2\repository\org\junit\platform\junit-platform-engine\1.4.0\junit-platform-engine-1.4.0.jar;C:\Users\Igor Matheus\.m2\repository\org\opentest4j\opentest4j\1.1.1\opentest4j-1.1.1.jar;C:\Users\Igor Matheus\.m2\repository\org\junit\platform\junit-platform-commons\1.4.0\junit-platform-commons-1.4.0.jar;C:\Users\Igor Matheus\.m2\repository\org\junit\jupiter\junit-jupiter-api\5.4.0\junit-jupiter-api-5.4.0.jar;C:\Users\Igor Matheus\.m2\repository\org\mockito\mockito-core\3.2.4\mockito-core-3.2.4.jar;C:\Users\Igor Matheus\.m2\repository\net\bytebuddy\byte-buddy\1.10.5\byte-buddy-1.10.5.jar;C:\Users\Igor Matheus\.m2\repository\net\bytebuddy\byte-buddy-agent\1.10.5\byte-buddy-agent-1.10.5.jar;C:\Users\Igor Matheus\.m2\repository\org\objenesis\objenesis\2.6\objenesis-2.6.jar;C:\Users\Igor Matheus\.m2\repository\io\javalin\javalin\3.7.0\javalin-3.7.0.jar;C:\Users\Igor Matheus\.m2\repository\org\jetbrains\kotlin\kotlin-stdlib-jdk8\1.3.61\kotlin-stdlib-jdk8-1.3.61.jar;C:\Users\Igor Matheus\.m2\repository\org\jetbrains\kotlin\kotlin-stdlib\1.3.61\kotlin-stdlib-1.3.61.jar;C:\Users\Igor Matheus\.m2\repository\org\jetbrains\kotlin\kotlin-stdlib-common\1.3.61\kotlin-stdlib-common-1.3.61.jar;C:\Users\Igor Matheus\.m2\repository\org\jetbrains\annotations\13.0\annotations-13.0.jar;C:\Users\Igor Matheus\.m2\repository\org\jetbrains\kotlin\kotlin-stdlib-jdk7\1.3.61\kotlin-stdlib-jdk7-1.3.61.jar;C:\Users\Igor Matheus\.m2\repository\org\slf4j\slf4j-api\1.7.28\slf4j-api-1.7.28.jar;C:\Users\Igor Matheus\.m2\repository\org\eclipse\jetty\jetty-server\9.4.25.v20191220\jetty-server-9.4.25.v20191220.jar;C:\Users\Igor Matheus\.m2\repository\javax\servlet\javax.servlet-api\3.1.0\javax.servlet-api-3.1.0.jar;C:\Users\Igor Matheus\.m2\repository\org\eclipse\jetty\jetty-http\9.4.25.v20191220\jetty-http-9.4.25.v20191220.jar;C:\Users\Igor Matheus\.m2\repository\org\eclipse\jetty\jetty-util\9.4.25.v20191220\jetty-util-9.4.25.v20191220.jar;C:\Users\Igor Matheus\.m2\repository\org\eclipse\jetty\jetty-io\9.4.25.v20191220\jetty-io-9.4.25.v20191220.jar;C:\Users\Igor Matheus\.m2\repository\org\eclipse\jetty\jetty-webapp\9.4.25.v20191220\jetty-webapp-9.4.25.v20191220.jar;C:\Users\Igor Matheus\.m2\repository\org\eclipse\jetty\jetty-xml\9.4.25.v20191220\jetty-xml-9.4.25.v20191220.jar;C:\Users\Igor Matheus\.m2\repository\org\eclipse\jetty\jetty-servlet\9.4.25.v20191220\jetty-servlet-9.4.25.v20191220.jar;C:\Users\Igor Matheus\.m2\repository\org\eclipse\jetty\jetty-security\9.4.25.v20191220\jetty-security-9.4.25.v20191220.jar;C:\Users\Igor Matheus\.m2\repository\org\eclipse\jetty\websocket\websocket-server\9.4.25.v20191220\websocket-server-9.4.25.v20191220.jar;C:\Users\Igor Matheus\.m2\repository\org\eclipse\jetty\websocket\websocket-common\9.4.25.v20191220\websocket-common-9.4.25.v20191220.jar;C:\Users\Igor Matheus\.m2\repository\org\eclipse\jetty\websocket\websocket-api\9.4.25.v20191220\websocket-api-9.4.25.v20191220.jar;C:\Users\Igor Matheus\.m2\repository\org\eclipse\jetty\websocket\websocket-client\9.4.25.v20191220\websocket-client-9.4.25.v20191220.jar;C:\Users\Igor Matheus\.m2\repository\org\eclipse\jetty\jetty-client\9.4.25.v20191220\jetty-client-9.4.25.v20191220.jar;C:\Users\Igor Matheus\.m2\repository\org\eclipse\jetty\websocket\websocket-servlet\9.4.25.v20191220\websocket-servlet-9.4.25.v20191220.jar;C:\Users\Igor Matheus\.m2\repository\org\slf4j\slf4j-simple\1.7.28\slf4j-simple-1.7.28.jar;C:\Users\Igor Matheus\.m2\repository\io\swagger\core\v3\swagger-core\2.0.9\swagger-core-2.0.9.jar;C:\Users\Igor Matheus\.m2\repository\javax\xml\bind\jaxb-api\2.3.0\jaxb-api-2.3.0.jar;C:\Users\Igor Matheus\.m2\repository\org\apache\commons\commons-lang3\3.7\commons-lang3-3.7.jar;C:\Users\Igor Matheus\.m2\repository\com\fasterxml\jackson\core\jackson-annotations\2.9.9\jackson-annotations-2.9.9.jar;C:\Users\Igor Matheus\.m2\repository\com\fasterxml\jackson\dataformat\jackson-dataformat-yaml\2.9.9\jackson-dataformat-yaml-2.9.9.jar;C:\Users\Igor Matheus\.m2\repository\org\yaml\snakeyaml\1.23\snakeyaml-1.23.jar;C:\Users\Igor Matheus\.m2\repository\com\fasterxml\jackson\datatype\jackson-datatype-jsr310\2.9.9\jackson-datatype-jsr310-2.9.9.jar;C:\Users\Igor Matheus\.m2\repository\io\swagger\core\v3\swagger-annotations\2.0.9\swagger-annotations-2.0.9.jar;C:\Users\Igor Matheus\.m2\repository\io\swagger\core\v3\swagger-models\2.0.9\swagger-models-2.0.9.jar;C:\Users\Igor Matheus\.m2\repository\javax\validation\validation-api\1.1.0.Final\validation-api-1.1.0.Final.jar;C:\Users\Igor Matheus\.m2\repository\org\webjars\swagger-ui\3.24.3\swagger-ui-3.24.3.jar;C:\Users\Igor Matheus\.m2\repository\org\webjars\npm\redoc\2.0.0-rc.2\redoc-2.0.0-rc.2.jar;C:\Users\Igor Matheus\.m2\repository\org\webjars\npm\polished\3.0.0-beta.4\polished-3.0.0-beta.4.jar;C:\Users\Igor Matheus\.m2\repository\org\webjars\npm\babel__runtime\7.12.5\babel__runtime-7.12.5.jar;C:\Users\Igor Matheus\.m2\repository\org\webjars\npm\regenerator-runtime\0.13.7\regenerator-runtime-0.13.7.jar;C:\Users\Igor Matheus\.m2\repository\org\webjars\npm\babel-plugin-preval\3.0.1\babel-plugin-preval-3.0.1.jar;C:\Users\Igor Matheus\.m2\repository\org\webjars\npm\babel-plugin-macros\2.8.0\babel-plugin-macros-2.8.0.jar;C:\Users\Igor Matheus\.m2\repository\org\webjars\npm\cosmiconfig\6.0.0\cosmiconfig-6.0.0.jar;C:\Users\Igor Matheus\.m2\repository\org\webjars\npm\yaml\1.10.0\yaml-1.10.0.jar;C:\Users\Igor Matheus\.m2\repository\org\webjars\npm\parse-json\5.0.1\parse-json-5.0.1.jar;C:\Users\Igor Matheus\.m2\repository\org\webjars\npm\babel__code-frame\7.10.4\babel__code-frame-7.10.4.jar;C:\Users\Igor Matheus\.m2\repository\org\webjars\npm\babel__highlight\7.10.4\babel__highlight-7.10.4.jar;C:\Users\Igor Matheus\.m2\repository\org\webjars\npm\babel__helper-validator-identifier\7.10.4\babel__helper-validator-identifier-7.10.4.jar;C:\Users\Igor Matheus\.m2\repository\org\webjars\npm\chalk\3.0.0-beta.2\chalk-3.0.0-beta.2.jar;C:\Users\Igor Matheus\.m2\repository\org\webjars\npm\ansi-styles\4.3.0\ansi-styles-4.3.0.jar;C:\Users\Igor Matheus\.m2\repository\org\webjars\npm\color-convert\2.0.1\color-convert-2.0.1.jar;C:\Users\Igor Matheus\.m2\repository\org\webjars\npm\color-name\1.1.4\color-name-1.1.4.jar;C:\Users\Igor Matheus\.m2\repository\org\webjars\npm\supports-color\7.2.0\supports-color-7.2.0.jar;C:\Users\Igor Matheus\.m2\repository\org\webjars\npm\has-flag\4.0.0\has-flag-4.0.0.jar;C:\Users\Igor Matheus\.m2\repository\org\webjars\npm\error-ex\1.3.2\error-ex-1.3.2.jar;C:\Users\Igor Matheus\.m2\repository\org\webjars\npm\is-arrayish\0.2.1\is-arrayish-0.2.1.jar;C:\Users\Igor Matheus\.m2\repository\org\webjars\npm\json-parse-better-errors\1.0.2\json-parse-better-errors-1.0.2.jar;C:\Users\Igor Matheus\.m2\repository\org\webjars\npm\lines-and-columns\1.1.6\lines-and-columns-1.1.6.jar;C:\Users\Igor Matheus\.m2\repository\org\webjars\npm\import-fresh\3.2.2\import-fresh-3.2.2.jar;C:\Users\Igor Matheus\.m2\repository\org\webjars\npm\parent-module\1.0.1\parent-module-1.0.1.jar;C:\Users\Igor Matheus\.m2\repository\org\webjars\npm\callsites\3.1.0\callsites-3.1.0.jar;C:\Users\Igor Matheus\.m2\repository\org\webjars\npm\resolve-from\4.0.0\resolve-from-4.0.0.jar;C:\Users\Igor Matheus\.m2\repository\org\webjars\npm\types__parse-json\4.0.0\types__parse-json-4.0.0.jar;C:\Users\Igor Matheus\.m2\repository\org\webjars\npm\path-type\4.0.0\path-type-4.0.0.jar;C:\Users\Igor Matheus\.m2\repository\org\webjars\npm\resolve\1.14.2\resolve-1.14.2.jar;C:\Users\Igor Matheus\.m2\repository\org\webjars\npm\path-parse\1.0.6\path-parse-1.0.6.jar;C:\Users\Igor Matheus\.m2\repository\org\webjars\npm\require-from-string\2.0.2\require-from-string-2.0.2.jar;C:\Users\Igor Matheus\.m2\repository\org\webjars\npm\prop-types\15.7.2\prop-types-15.7.2.jar;C:\Users\Igor Matheus\.m2\repository\org\webjars\npm\loose-envify\1.4.0\loose-envify-1.4.0.jar;C:\Users\Igor Matheus\.m2\repository\org\webjars\npm\js-tokens\4.0.0\js-tokens-4.0.0.jar;C:\Users\Igor Matheus\.m2\repository\org\webjars\npm\object-assign\4.1.1\object-assign-4.1.1.jar;C:\Users\Igor Matheus\.m2\repository\org\webjars\npm\react-is\17.0.0-rc.3\react-is-17.0.0-rc.3.jar;C:\Users\Igor Matheus\.m2\repository\org\webjars\npm\json-pointer\0.6.1\json-pointer-0.6.1.jar;C:\Users\Igor Matheus\.m2\repository\org\webjars\npm\foreach\2.0.5\foreach-2.0.5.jar;C:\Users\Igor Matheus\.m2\repository\org\webjars\npm\eventemitter3\3.1.2\eventemitter3-3.1.2.jar;C:\Users\Igor Matheus\.m2\repository\org\webjars\npm\json-schema-ref-parser\6.1.0\json-schema-ref-parser-6.1.0.jar;C:\Users\Igor Matheus\.m2\repository\org\webjars\npm\call-me-maybe\1.0.1\call-me-maybe-1.0.1.jar;C:\Users\Igor Matheus\.m2\repository\org\webjars\npm\js-yaml\3.14.1\js-yaml-3.14.1.jar;C:\Users\Igor Matheus\.m2\repository\org\webjars\npm\argparse\1.0.10\argparse-1.0.10.jar;C:\Users\Igor Matheus\.m2\repository\org\webjars\npm\sprintf-js\1.0.3\sprintf-js-1.0.3.jar;C:\Users\Igor Matheus\.m2\repository\org\webjars\npm\esprima\4.0.1\esprima-4.0.1.jar;C:\Users\Igor Matheus\.m2\repository\org\webjars\npm\ono\4.0.11\ono-4.0.11.jar;C:\Users\Igor Matheus\.m2\repository\org\webjars\npm\format-util\1.0.5\format-util-1.0.5.jar;C:\Users\Igor Matheus\.m2\repository\org\webjars\npm\dompurify\1.0.11\dompurify-1.0.11.jar;C:\Users\Igor Matheus\.m2\repository\org\webjars\npm\classnames\2.2.6\classnames-2.2.6.jar;C:\Users\Igor Matheus\.m2\repository\org\webjars\npm\mobx-react\6.0.0-rc.4\mobx-react-6.0.0-rc.4.jar;C:\Users\Igor Matheus\.m2\repository\org\webjars\npm\mobx-react-lite\1.1.0\mobx-react-lite-1.1.0.jar;C:\Users\Igor Matheus\.m2\repository\org\webjars\npm\react-dropdown\1.7.0\react-dropdown-1.7.0.jar;C:\Users\Igor Matheus\.m2\repository\org\webjars\npm\react-hot-loader\4.12.20\react-hot-loader-4.12.20.jar;C:\Users\Igor Matheus\.m2\repository\org\webjars\npm\loader-utils\1.4.0\loader-utils-1.4.0.jar;C:\Users\Igor Matheus\.m2\repository\org\webjars\npm\big.js\5.2.2\big.js-5.2.2.jar;C:\Users\Igor Matheus\.m2\repository\org\webjars\npm\emojis-list\3.0.0\emojis-list-3.0.0.jar;C:\Users\Igor Matheus\.m2\repository\org\webjars\npm\json5\1.0.1\json5-1.0.1.jar;C:\Users\Igor Matheus\.m2\repository\org\webjars\npm\minimist\1.2.5\minimist-1.2.5.jar;C:\Users\Igor Matheus\.m2\repository\org\webjars\npm\react-lifecycles-compat\3.0.4\react-lifecycles-compat-3.0.4.jar;C:\Users\Igor Matheus\.m2\repository\org\webjars\npm\global\4.4.0\global-4.4.0.jar;C:\Users\Igor Matheus\.m2\repository\org\webjars\npm\min-document\2.19.0\min-document-2.19.0.jar;C:\Users\Igor Matheus\.m2\repository\org\webjars\npm\dom-walk\0.1.2\dom-walk-0.1.2.jar;C:\Users\Igor Matheus\.m2\repository\org\webjars\npm\process\0.11.10\process-0.11.10.jar;C:\Users\Igor Matheus\.m2\repository\org\webjars\npm\hoist-non-react-statics\3.3.2\hoist-non-react-statics-3.3.2.jar;C:\Users\Igor Matheus\.m2\repository\org\webjars\npm\shallowequal\1.1.0\shallowequal-1.1.0.jar;C:\Users\Igor Matheus\.m2\repository\org\webjars\npm\fast-levenshtein\2.0.6\fast-levenshtein-2.0.6.jar;C:\Users\Igor Matheus\.m2\repository\org\webjars\npm\source-map\0.8.0-beta.0\source-map-0.8.0-beta.0.jar;C:\Users\Igor Matheus\.m2\repository\org\webjars\npm\whatwg-url\7.1.0\whatwg-url-7.1.0.jar;C:\Users\Igor Matheus\.m2\repository\org\webjars\npm\lodash.sortby\4.7.0\lodash.sortby-4.7.0.jar;C:\Users\Igor Matheus\.m2\repository\org\webjars\npm\tr46\1.0.1\tr46-1.0.1.jar;C:\Users\Igor Matheus\.m2\repository\org\webjars\npm\punycode\2.1.1\punycode-2.1.1.jar;C:\Users\Igor Matheus\.m2\repository\org\webjars\npm\webidl-conversions\4.0.2\webidl-conversions-4.0.2.jar;C:\Users\Igor Matheus\.m2\repository\org\webjars\npm\lunr\2.3.8\lunr-2.3.8.jar;C:\Users\Igor Matheus\.m2\repository\org\webjars\npm\openapi-sampler\1.0.0-beta.14\openapi-sampler-1.0.0-beta.14.jar;C:\Users\Igor Matheus\.m2\repository\org\webjars\npm\stickyfill\1.1.1\stickyfill-1.1.1.jar;C:\Users\Igor Matheus\.m2\repository\org\webjars\npm\react-tabs\2.3.1\react-tabs-2.3.1.jar;C:\Users\Igor Matheus\.m2\repository\org\webjars\npm\slugify\1.4.5\slugify-1.4.5.jar;C:\Users\Igor Matheus\.m2\repository\org\webjars\npm\prismjs\1.22.0\prismjs-1.22.0.jar;C:\Users\Igor Matheus\.m2\repository\org\webjars\npm\perfect-scrollbar\1.5.0\perfect-scrollbar-1.5.0.jar;C:\Users\Igor Matheus\.m2\repository\org\webjars\npm\marked\0.6.3\marked-0.6.3.jar;C:\Users\Igor Matheus\.m2\repository\org\webjars\npm\tslib\1.14.1\tslib-1.14.1.jar;C:\Users\Igor Matheus\.m2\repository\org\webjars\npm\memoize-one\4.1.0\memoize-one-4.1.0.jar;C:\Users\Igor Matheus\.m2\repository\org\webjars\npm\decko\1.2.0\decko-1.2.0.jar;C:\Users\Igor Matheus\.m2\repository\org\webjars\npm\mark.js\8.11.1\mark.js-8.11.1.jar;C:\Users\Igor Matheus\.m2\repository\com\fasterxml\jackson\core\jackson-databind\2.10.1\jackson-databind-2.10.1.jar;C:\Users\Igor Matheus\.m2\repository\com\fasterxml\jackson\core\jackson-core\2.10.1\jackson-core-2.10.1.jar;C:\Users\Igor Matheus\.m2\repository\io\github\classgraph\classgraph\4.8.34\classgraph-4.8.34.jar;C:\Users\Igor Matheus\.m2\repository\com\konghq\unirest-java\3.4.00\unirest-java-3.4.00.jar;C:\Users\Igor Matheus\.m2\repository\org\apache\httpcomponents\httpclient\4.5.9\httpclient-4.5.9.jar;C:\Users\Igor Matheus\.m2\repository\org\apache\httpcomponents\httpcore\4.4.11\httpcore-4.4.11.jar;C:\Users\Igor Matheus\.m2\repository\commons-logging\commons-logging\1.2\commons-logging-1.2.jar;C:\Users\Igor Matheus\.m2\repository\commons-codec\commons-codec\1.11\commons-codec-1.11.jar;C:\Users\Igor Matheus\.m2\repository\org\apache\httpcomponents\httpmime\4.5.9\httpmime-4.5.9.jar;C:\Users\Igor Matheus\.m2\repository\org\apache\httpcomponents\httpcore-nio\4.4.11\httpcore-nio-4.4.11.jar;C:\Users\Igor Matheus\.m2\repository\org\apache\httpcomponents\httpasyncclient\4.1.4\httpasyncclient-4.1.4.jar;C:\Users\Igor Matheus\.m2\repository\com\google\code\gson\gson\2.8.5\gson-2.8.5.jar;C:\Users\Igor Matheus\.m2\repository\org\assertj\assertj-core\3.11.1\assertj-core-3.11.1.jar;"/>
    <property name="sun.cpu.endian" value="little"/>
    <property name="user.home" value="C:\Users\Igor Matheus"/>
    <property name="user.language" value="pt"/>
    <property name="java.specification.vendor" value="Oracle Corporation"/>
    <property name="java.home" value="C:\Program Files (x86)\Java\jre1.8.0_251"/>
    <property name="basedir" value="C:\Users\Igor Matheus\eclipse-workspace\Bicicletario2"/>
    <property name="file.separator" value="\"/>
    <property name="line.separator" value="&#10;"/>
    <property name="java.vm.specification.vendor" value="Oracle Corporation"/>
    <property name="java.specification.name" value="Java Platform API Specification"/>
    <property name="java.awt.graphicsenv" value="sun.awt.Win32GraphicsEnvironment"/>
    <property name="surefire.real.class.path" value="C:\Users\Igor Matheus\AppData\Local\Temp\surefire4076751900016658749\surefirebooter418751599884675448.jar"/>
    <property name="sun.boot.class.path" value="C:\Program Files (x86)\Java\jre1.8.0_251\lib\resources.jar;C:\Program Files (x86)\Java\jre1.8.0_251\lib\rt.jar;C:\Program Files (x86)\Java\jre1.8.0_251\lib\sunrsasign.jar;C:\Program Files (x86)\Java\jre1.8.0_251\lib\jsse.jar;C:\Program Files (x86)\Java\jre1.8.0_251\lib\jce.jar;C:\Program Files (x86)\Java\jre1.8.0_251\lib\charsets.jar;C:\Program Files (x86)\Java\jre1.8.0_251\lib\jfr.jar;C:\Program Files (x86)\Java\jre1.8.0_251\classes"/>
    <property name="user.script" value=""/>
    <property name="sun.management.compiler" value="HotSpot Client Compiler"/>
    <property name="java.runtime.version" value="1.8.0_251-b08"/>
    <property name="user.name" value="Igor Matheus"/>
    <property name="path.separator" value=";"/>
    <property name="os.version" value="10.0"/>
    <property name="java.endorsed.dirs" value="C:\Program Files (x86)\Java\jre1.8.0_251\lib\endorsed"/>
    <property name="java.runtime.name" value="Java(TM) SE Runtime Environment"/>
    <property name="file.encoding" value="Cp1252"/>
    <property name="java.vm.name" value="Java HotSpot(TM) Client VM"/>
    <property name="localRepository" value="C:\Users\Igor Matheus\.m2\repository"/>
    <property name="java.vendor.url.bug" value="http://bugreport.sun.com/bugreport/"/>
    <property name="java.io.tmpdir" value="C:\Users\IGORMA~1\AppData\Local\Temp\"/>
    <property name="java.version" value="1.8.0_251"/>
    <property name="user.dir" value="C:\Users\Igor Matheus\eclipse-workspace\Bicicletario2"/>
    <property name="os.arch" value="x86"/>
    <property name="java.vm.specification.name" value="Java Virtual Machine Specification"/>
    <property name="java.awt.printerjob" value="sun.awt.windows.WPrinterJob"/>
    <property name="sun.os.patch.level" value=""/>
    <property name="java.library.path" value="C:\Program Files (x86)\Java\jre1.8.0_251\bin;C:\WINDOWS\Sun\Java\bin;C:\WINDOWS\system32;C:\WINDOWS;C:\Program Files (x86)\Common Files\Oracle\Java\javapath;C:\Windows\system32;C:\Windows;C:\Windows\System32\Wbem;C:\Windows\System32\WindowsPowerShell\v1.0\;C:\Windows\System32\OpenSSH\;C:\Program Files\dotnet\;C:\Program Files\Microsoft SQL Server\130\Tools\Binn\;C:\Program Files\Microsoft SQL Server\Client SDK\ODBC\170\Tools\Binn\;C:\Program Files\NVIDIA Corporation\NVIDIA NvDLISR;C:\WINDOWS\system32;C:\WINDOWS;C:\WINDOWS\System32\Wbem;C:\WINDOWS\System32\WindowsPowerShell\v1.0\;C:\WINDOWS\System32\OpenSSH\;C:\Program Files\Git\cmd;C:\Users\Igor Matheus\AppData\Local\Microsoft\WindowsApps;C:\Users\Igor Matheus\Documents\apache-maven-3.6.3-bin\apache-maven-3.6.3\bin;C:\Program Files\heroku\bin;C:\Users\Igor Matheus\AppData\Local\Programs\Microsoft VS Code\bin;."/>
    <property name="java.vm.info" value="mixed mode, sharing"/>
    <property name="java.vendor" value="Oracle Corporation"/>
    <property name="java.vm.version" value="25.251-b08"/>
    <property name="java.ext.dirs" value="C:\Program Files (x86)\Java\jre1.8.0_251\lib\ext;C:\WINDOWS\Sun\Java\lib\ext"/>
    <property name="sun.io.unicode.encoding" value="UnicodeLittle"/>
    <property name="java.class.version" value="52.0"/>
  </properties>
  <testcase name="fetchAllTotemsTest" classname="Tests.TotemControllerTest" time="0.02">
    <error type="java.lang.NullPointerException"><![CDATA[java.lang.NullPointerException
	at Tests.TotemControllerTest.fetchAllTotemsTest(TotemControllerTest.java:15)
]]></error>
  </testcase>
  <testcase name="fetchTotemTest" classname="Tests.TotemControllerTest" time="0.001">
    <error type="java.lang.NullPointerException"><![CDATA[java.lang.NullPointerException
	at Tests.TotemControllerTest.fetchTotemTest(TotemControllerTest.java:21)
]]></error>
  </testcase>
  <testcase name="deleteTotemTest" classname="Tests.TotemControllerTest" time="0.001">
    <error type="java.lang.NullPointerException"><![CDATA[java.lang.NullPointerException
	at Tests.TotemControllerTest.deleteTotemTest(TotemControllerTest.java:28)
]]></error>
  </testcase>
  <testcase name="adicionarTotemTest" classname="Tests.TotemControllerTest" time="0.001">
    <error type="java.lang.NullPointerException"><![CDATA[java.lang.NullPointerException
	at Tests.TotemControllerTest.adicionarTotemTest(TotemControllerTest.java:35)
]]></error>
  </testcase>
</testsuite>